<?xml version="1.0" encoding="UTF-8"?>
<!-- Generated by org.testng.reporters.JUnitXMLReporter -->
<testsuite hostname="DESKTOP-PJJBKB6" ignored="0" name="Default test" tests="5" failures="0" timestamp="24 Sep 2017 18:29:51 GMT" time="0.219" errors="0">
  <testcase name="f" time="0.059" classname="New.DependancyTest"/>
  <testcase name="start" time="0.005" classname="New.DependancyTest"/>
  <testcase name="init" time="0.007" classname="New.DependancyTest"/>
  <testcase name="process" time="0.004" classname="New.DependancyTest"/>
  <testcase name="stop" time="0.004" classname="New.DependancyTest"/>
</testsuite> <!-- Default test -->
