<?xml version="1.0" encoding="UTF-8"?>
<!-- Generated by org.testng.reporters.JUnitXMLReporter -->
<testsuite hostname="DESKTOP-PJJBKB6" ignored="0" name="Parameter" tests="4" failures="0" timestamp="24 Sep 2017 05:33:14 GMT" time="0.145" errors="0">
  <testcase name="test" time="0.02" classname="New.NewTest"/>
  <testcase name="f" time="0.007" classname="New.MultipleLogin"/>
  <testcase name="f" time="0.004" classname="New.NewTest"/>
  <testcase name="Test" time="0.005" classname="New.MultipleLogin"/>
</testsuite> <!-- Parameter -->
