<?xml version="1.0" encoding="UTF-8"?>
<!-- Generated by org.testng.reporters.JUnitXMLReporter -->
<testsuite hostname="DESKTOP-PJJBKB6" ignored="1" name="Test" tests="4" failures="0" timestamp="24 Sep 2017 18:31:52 GMT" time="0.171" errors="0">
  <testcase name="start" time="0.043" classname="New.DependancyTest"/>
  <testcase name="init" time="0.012" classname="New.DependancyTest"/>
  <testcase name="process" time="0.009" classname="New.DependancyTest"/>
  <testcase name="stop" time="0.005" classname="New.DependancyTest"/>
  <testcase name="f" time="0.0" classname="New.DependancyTest">
    <ignored/>
  </testcase> <!-- f -->
</testsuite> <!-- Test -->
