<?xml version="1.0" encoding="UTF-8"?>
<!-- Generated by org.testng.reporters.JUnitXMLReporter -->
<testsuite hostname="DESKTOP-PJJBKB6" ignored="5" name="TestPriorityflow" tests="1" failures="0" timestamp="24 Sep 2017 08:07:44 GMT" time="0.194" errors="0">
  <testcase name="ThirdTC" time="0.065" classname="New.SecondClass1stPackage3TCs"/>
  <testcase name="FourthTC" time="0.0" classname="New.SecondClass1stPackage3TCs">
    <ignored/>
  </testcase> <!-- FourthTC -->
  <testcase name="FifthTC" time="0.0" classname="New.SecondClass1stPackage3TCs">
    <ignored/>
  </testcase> <!-- FifthTC -->
  <testcase name="FirstTC" time="0.0" classname="New.FirstClass1stPackage2TCs">
    <ignored/>
  </testcase> <!-- FirstTC -->
  <testcase name="abc" time="0.0" classname="New.FirstClass1stPackage2TCs">
    <ignored/>
  </testcase> <!-- abc -->
  <testcase name="TC" time="0.0" classname="New.SecondClass1stPackage3TCs">
    <ignored/>
  </testcase> <!-- TC -->
</testsuite> <!-- TestPriorityflow -->
