<?xml version="1.0" encoding="UTF-8"?>
<testng-results skipped="0" failed="0" ignored="1" total="5" passed="4">
  <reporter-output>
  </reporter-output>
  <suite name="Suite" duration-ms="171" started-at="2017-09-24T18:31:51Z" finished-at="2017-09-24T18:31:51Z">
    <groups>
    </groups>
    <test name="Test" duration-ms="171" started-at="2017-09-24T18:31:51Z" finished-at="2017-09-24T18:31:51Z">
      <class name="New.DependancyTest">
        <test-method status="PASS" signature="start()[pri:0, instance:New.DependancyTest@3e6fa38a]" name="start" duration-ms="43" started-at="2017-09-25T00:01:51Z" finished-at="2017-09-25T00:01:51Z">
          <reporter-output>
          </reporter-output>
        </test-method> <!-- start -->
        <test-method status="PASS" signature="init()[pri:0, instance:New.DependancyTest@3e6fa38a]" name="init" duration-ms="12" started-at="2017-09-25T00:01:51Z" depends-on-methods="New.DependancyTest.start" finished-at="2017-09-25T00:01:51Z">
          <reporter-output>
          </reporter-output>
        </test-method> <!-- init -->
        <test-method status="PASS" signature="process()[pri:0, instance:New.DependancyTest@3e6fa38a]" name="process" duration-ms="9" started-at="2017-09-25T00:01:51Z" depends-on-methods="New.DependancyTest.init, New.DependancyTest.start" finished-at="2017-09-25T00:01:51Z">
          <reporter-output>
          </reporter-output>
        </test-method> <!-- process -->
        <test-method status="PASS" signature="stop()[pri:0, instance:New.DependancyTest@3e6fa38a]" name="stop" duration-ms="5" started-at="2017-09-25T00:01:51Z" depends-on-methods="New.DependancyTest.process" finished-at="2017-09-25T00:01:51Z">
          <reporter-output>
          </reporter-output>
        </test-method> <!-- stop -->
      </class> <!-- New.DependancyTest -->
    </test> <!-- Test -->
  </suite> <!-- Suite -->
</testng-results>
